<?xml version="1.0" encoding="UTF-8"?>
<!-- Generated by org.testng.reporters.JUnitXMLReporter -->
<testsuite ignored="0" hostname="DESKTOP-5P76U7U" failures="1" tests="2" name="Surefire test" time="5.747" errors="0" timestamp="2025-05-09T22:11:36 IST">
  <testcase classname="tests.LoginTest" name="goToWorkspace" time="0.082">
    <failure type="java.lang.NullPointerException">
      <![CDATA[java.lang.NullPointerException
at java.base/java.util.Objects.requireNonNull(Objects.java:208)
at java.base/java.util.ImmutableCollections$Map1.<init>(ImmutableCollections.java:1105)
at java.base/java.util.Map.of(Map.java:1353)
at org.openqa.selenium.remote.DriverCommand.GET(DriverCommand.java:177)
at org.openqa.selenium.remote.RemoteWebDriver.get(RemoteWebDriver.java:313)
at pages.WorkSpace.clickWorkSpace(WorkSpace.java:30)
at tests.LoginTest.goToWorkspace(LoginTest.java:31)
at java.base/java.util.ArrayList.forEach(ArrayList.java:1511)
... Removed 32 stack frames]]>
    </failure>
  </testcase> <!-- goToWorkspace -->
  <testcase classname="tests.LoginTest" name="teardown" time="0.165"/>
</testsuite> <!-- Surefire test -->
